<?xml version="1.0" encoding="UTF-8"?>
<testsuite name="sharks.lc3.PasswordValidatorTest" tests="14" skipped="0" failures="0" errors="0" timestamp="2026-08-05T17:13:22.946Z" hostname="DESKTOP-L80UCA2" time="0.105">
  <properties/>
  <testcase name="testCollectionAddAndSize" classname="sharks.lc3.PasswordValidatorTest" time="0.004"/>
  <testcase name="testCollectionContains" classname="sharks.lc3.PasswordValidatorTest" time="0.001"/>
  <testcase name="testCollectionRemove" classname="sharks.lc3.PasswordValidatorTest" time="0.0"/>
  <testcase name="testInvalidPasswords[0]()" classname="sharks.lc3.PasswordValidatorTest" time="0.002"/>
  <testcase name="testInvalidPasswords[1](Admin)" classname="sharks.lc3.PasswordValidatorTest" time="0.003"/>
  <testcase name="testInvalidPasswords[2](12345678)" classname="sharks.lc3.PasswordValidatorTest" time="0.0"/>
  <testcase name="testInvalidPasswords[3](password123!)" classname="sharks.lc3.PasswordValidatorTest" time="0.001"/>
  <testcase name="testInvalidPasswords[4](PASSWORD123!)" classname="sharks.lc3.PasswordValidatorTest" time="0.001"/>
  <testcase name="testInvalidPasswords[5](Password!)" classname="sharks.lc3.PasswordValidatorTest" time="0.001"/>
  <testcase name="testInvalidPasswords[6](Password123)" classname="sharks.lc3.PasswordValidatorTest" time="0.0"/>
  <testcase name="testNullPassword" classname="sharks.lc3.PasswordValidatorTest" time="0.001"/>
  <testcase name="testValidPasswords[0](P@ssword1)" classname="sharks.lc3.PasswordValidatorTest" time="0.001"/>
  <testcase name="testValidPasswords[1](Secure#2026)" classname="sharks.lc3.PasswordValidatorTest" time="0.0"/>
  <testcase name="testValidPasswords[2](MyComplex123!)" classname="sharks.lc3.PasswordValidatorTest" time="0.002"/>
  <system-out><![CDATA[[BEFORE METHOD] Initializing test environment...
>>> RUNNING TEST: testCollectionAddAndSize
[AFTER METHOD] Cleaning up history collection...
[BEFORE METHOD] Initializing test environment...
>>> RUNNING TEST: testCollectionContains
[AFTER METHOD] Cleaning up history collection...
[BEFORE METHOD] Initializing test environment...
>>> RUNNING TEST: testCollectionRemove
[AFTER METHOD] Cleaning up history collection...
[BEFORE METHOD] Initializing test environment...
>>> RUNNING TEST: testInvalidPasswords with: 
[AFTER METHOD] Cleaning up history collection...
[BEFORE METHOD] Initializing test environment...
>>> RUNNING TEST: testInvalidPasswords with: Admin
[AFTER METHOD] Cleaning up history collection...
[BEFORE METHOD] Initializing test environment...
>>> RUNNING TEST: testInvalidPasswords with: 12345678
[AFTER METHOD] Cleaning up history collection...
[BEFORE METHOD] Initializing test environment...
>>> RUNNING TEST: testInvalidPasswords with: password123!
[AFTER METHOD] Cleaning up history collection...
[BEFORE METHOD] Initializing test environment...
>>> RUNNING TEST: testInvalidPasswords with: PASSWORD123!
[AFTER METHOD] Cleaning up history collection...
[BEFORE METHOD] Initializing test environment...
>>> RUNNING TEST: testInvalidPasswords with: Password!
[AFTER METHOD] Cleaning up history collection...
[BEFORE METHOD] Initializing test environment...
>>> RUNNING TEST: testInvalidPasswords with: Password123
[AFTER METHOD] Cleaning up history collection...
[BEFORE METHOD] Initializing test environment...
>>> RUNNING TEST: testNullPassword
[AFTER METHOD] Cleaning up history collection...
[BEFORE METHOD] Initializing test environment...
>>> RUNNING TEST: testValidPasswords with: P@ssword1
[AFTER METHOD] Cleaning up history collection...
[BEFORE METHOD] Initializing test environment...
>>> RUNNING TEST: testValidPasswords with: Secure#2026
[AFTER METHOD] Cleaning up history collection...
[BEFORE METHOD] Initializing test environment...
>>> RUNNING TEST: testValidPasswords with: MyComplex123!
[AFTER METHOD] Cleaning up history collection...
]]></system-out>
  <system-err><![CDATA[]]></system-err>
</testsuite>
